<?xml version="1.0" encoding="UTF-8"?>
<!-- Generated by org.testng.reporters.JUnitXMLReporter -->
<testsuite hostname="VCLPT108" name="model" tests="28" failures="0" timestamp="18 Jul 2015 06:55:39 GMT" time="0.276" errors="0">
  <testcase name="testConstructor" time="0.0" classname="nl.hugojanssen.sqlgraph.model.graph.ModelBuilderTest"/>
  <testcase name="testValues" time="0.0" classname="nl.hugojanssen.sqlgraph.model.sql.EClauseTypeTest"/>
  <testcase name="testConstructor" time="0.001" classname="nl.hugojanssen.sqlgraph.model.sql.SQLStatementTest"/>
  <testcase name="testSQLTable" time="0.001" classname="nl.hugojanssen.sqlgraph.model.sql.SQLTableTest"/>
  <testcase name="testConstructor" time="0.001" classname="nl.hugojanssen.sqlgraph.model.sql.SQLWorkflowTest"/>
  <testcase name="testNewNode" time="0.002" classname="nl.hugojanssen.sqlgraph.model.graph.ModelBuilderTest"/>
  <testcase name="testSetVisitors" time="0.001" classname="nl.hugojanssen.sqlgraph.model.sql.SQLStatementTest"/>
  <testcase name="testEquals" time="0.002" classname="nl.hugojanssen.sqlgraph.model.sql.SQLTableTest"/>
  <testcase name="testHashCode" time="0.001" classname="nl.hugojanssen.sqlgraph.model.sql.SQLTableTest"/>
  <testcase name="testToString" time="0.0" classname="nl.hugojanssen.sqlgraph.model.sql.SQLTableTest"/>
  <testcase name="testValidateState" time="0.0" classname="nl.hugojanssen.sqlgraph.model.sql.SQLTableTest"/>
  <testcase name="testAddWorkflowFile" time="0.002" classname="nl.hugojanssen.sqlgraph.model.sql.SQLWorkflowTest"/>
  <testcase name="testAddWorkflowFileNull" time="0.001" classname="nl.hugojanssen.sqlgraph.model.sql.SQLWorkflowTest"/>
  <testcase name="testAddNode" time="0.005" classname="nl.hugojanssen.sqlgraph.model.graph.ModelBuilderTest"/>
  <testcase name="testNodes" time="0.002" classname="nl.hugojanssen.sqlgraph.model.graph.ModelBuilderTest"/>
  <testcase name="testVisit" time="0.0" classname="nl.hugojanssen.sqlgraph.model.sql.SQLStatementTest"/>
  <testcase name="testAddVisitor" time="0.0" classname="nl.hugojanssen.sqlgraph.model.sql.SQLWorkflowTest"/>
  <testcase name="testEqualsNode" time="0.001" classname="nl.hugojanssen.sqlgraph.model.graph.ModelBuilderTest"/>
  <testcase name="testExistsNode" time="0.001" classname="nl.hugojanssen.sqlgraph.model.graph.ModelBuilderTest"/>
  <testcase name="testGetNodeByName" time="0.001" classname="nl.hugojanssen.sqlgraph.model.graph.ModelBuilderTest"/>
  <testcase name="testGetNodeIdForName" time="0.0" classname="nl.hugojanssen.sqlgraph.model.graph.ModelBuilderTest"/>
  <testcase name="testGetNodeName" time="0.0" classname="nl.hugojanssen.sqlgraph.model.graph.ModelBuilderTest"/>
  <testcase name="testNewEdge" time="0.003" classname="nl.hugojanssen.sqlgraph.model.graph.ModelBuilderTest"/>
  <testcase name="testParse" time="0.049" classname="nl.hugojanssen.sqlgraph.model.sql.SQLWorkflowTest"/>
  <testcase name="testAddEdge" time="0.005" classname="nl.hugojanssen.sqlgraph.model.graph.ModelBuilderTest"/>
  <testcase name="testEqualsEdge" time="0.001" classname="nl.hugojanssen.sqlgraph.model.graph.ModelBuilderTest"/>
  <testcase name="testExistsEdge" time="0.001" classname="nl.hugojanssen.sqlgraph.model.graph.ModelBuilderTest"/>
  <testcase name="testGetEdgeName" time="0.001" classname="nl.hugojanssen.sqlgraph.model.graph.ModelBuilderTest"/>
</testsuite> <!-- model -->
