<?xml version="1.0" encoding="UTF-8"?>
<!-- Generated by org.testng.reporters.JUnitXMLReporter -->
<testsuite hostname="VCLPT108" name="visitors" tests="22" failures="0" timestamp="18 Jul 2015 06:55:39 GMT" time="0.622" errors="0">
  <testcase name="testCreateFilmsRecent" time="0.015" classname="nl.hugojanssen.sqlgraph.visitors.TableVisitorCreateTableAsTest"/>
  <testcase name="testResultSet" time="0.001" classname="nl.hugojanssen.sqlgraph.visitors.TableVisitorCreateTableAsTest"/>
  <testcase name="testReferencedUpdate" time="0.0" classname="nl.hugojanssen.sqlgraph.visitors.TableVisitorUpdateTest"/>
  <testcase name="testReferencedUpdate2" time="0.0" classname="nl.hugojanssen.sqlgraph.visitors.TableVisitorUpdateTest"/>
  <testcase name="testReferencedWithWhere" time="0.0" classname="nl.hugojanssen.sqlgraph.visitors.TableVisitorUpdateTest"/>
  <testcase name="testResultSet" time="0.001" classname="nl.hugojanssen.sqlgraph.visitors.TableVisitorUpdateTest"/>
  <testcase name="testSimpleUpdate" time="0.001" classname="nl.hugojanssen.sqlgraph.visitors.TableVisitorUpdateTest"/>
  <testcase name="testCreateFilms" time="0.0" classname="nl.hugojanssen.sqlgraph.visitors.TableVisitorCreateTableTest"/>
  <testcase name="testCreateTableDistributors" time="0.0" classname="nl.hugojanssen.sqlgraph.visitors.TableVisitorCreateTableTest"/>
  <testcase name="testResultSet" time="0.0" classname="nl.hugojanssen.sqlgraph.visitors.TableVisitorCreateTableTest"/>
  <testcase name="testInsert1" time="0.0" classname="nl.hugojanssen.sqlgraph.visitors.TableVisitorInsertTest"/>
  <testcase name="testInsert2" time="0.001" classname="nl.hugojanssen.sqlgraph.visitors.TableVisitorInsertTest"/>
  <testcase name="testInsert3" time="0.001" classname="nl.hugojanssen.sqlgraph.visitors.TableVisitorInsertTest"/>
  <testcase name="testInsert4" time="0.0" classname="nl.hugojanssen.sqlgraph.visitors.TableVisitorInsertTest"/>
  <testcase name="testInsert5" time="0.0" classname="nl.hugojanssen.sqlgraph.visitors.TableVisitorInsertTest"/>
  <testcase name="testResultSet" time="0.0" classname="nl.hugojanssen.sqlgraph.visitors.TableVisitorInsertTest"/>
  <testcase name="testJoinInWhere" time="0.0" classname="nl.hugojanssen.sqlgraph.visitors.TableVisitorJoinTest"/>
  <testcase name="testLeftJoin" time="0.0" classname="nl.hugojanssen.sqlgraph.visitors.TableVisitorJoinTest"/>
  <testcase name="testNestedSubquery" time="0.0" classname="nl.hugojanssen.sqlgraph.visitors.TableVisitorJoinTest"/>
  <testcase name="testResultSet" time="0.0" classname="nl.hugojanssen.sqlgraph.visitors.TableVisitorJoinTest"/>
  <testcase name="testSubquery" time="0.0" classname="nl.hugojanssen.sqlgraph.visitors.TableVisitorJoinTest"/>
  <testcase name="testUnionAll" time="0.001" classname="nl.hugojanssen.sqlgraph.visitors.TableVisitorJoinTest"/>
</testsuite> <!-- visitors -->
