<?xml version="1.0" encoding="UTF-8"?>
<!-- Generated by org.testng.reporters.JUnitXMLReporter -->
<testsuite hostname="VCLPT108" name="Command line test" tests="57" failures="0" timestamp="18 Jul 2015 06:54:20 GMT" time="1.112" errors="0">
  <testcase name="testValues" time="0.002" classname="nl.hugojanssen.sqlgraph.model.sql.EClauseTypeTest"/>
  <testcase name="testConstructor" time="0.0" classname="nl.hugojanssen.sqlgraph.model.graph.ModelBuilderTest"/>
  <testcase name="testDirectoryAsSQLFile" time="0.0" classname="nl.hugojanssen.sqlgraph.SQLParserUtilTest"/>
  <testcase name="testFileDoesNotExists" time="0.0" classname="nl.hugojanssen.sqlgraph.SQLParserUtilTest"/>
  <testcase name="testFileWithNullExtension" time="0.005" classname="nl.hugojanssen.sqlgraph.SQLParserUtilTest"/>
  <testcase name="testFileWithoutExtension" time="0.0" classname="nl.hugojanssen.sqlgraph.SQLParserUtilTest"/>
  <testcase name="testInvalidSQLFile" time="0.0" classname="nl.hugojanssen.sqlgraph.SQLParserUtilTest"/>
  <testcase name="testNotAnSQLFile" time="0.0" classname="nl.hugojanssen.sqlgraph.SQLParserUtilTest"/>
  <testcase name="testNullFile" time="0.0" classname="nl.hugojanssen.sqlgraph.SQLParserUtilTest"/>
  <testcase name="testConstructor" time="0.0" classname="nl.hugojanssen.sqlgraph.model.sql.SQLStatementTest"/>
  <testcase name="testSQLTable" time="0.0" classname="nl.hugojanssen.sqlgraph.model.sql.SQLTableTest"/>
  <testcase name="testConstructor" time="0.0" classname="nl.hugojanssen.sqlgraph.model.sql.SQLWorkflowTest"/>
  <testcase name="testCreateFilmsRecent" time="0.001" classname="nl.hugojanssen.sqlgraph.visitors.TableVisitorCreateTableAsTest"/>
  <testcase name="testResultSet" time="0.001" classname="nl.hugojanssen.sqlgraph.visitors.TableVisitorCreateTableAsTest"/>
  <testcase name="testCreateFilms" time="0.0" classname="nl.hugojanssen.sqlgraph.visitors.TableVisitorCreateTableTest"/>
  <testcase name="testCreateTableDistributors" time="0.0" classname="nl.hugojanssen.sqlgraph.visitors.TableVisitorCreateTableTest"/>
  <testcase name="testResultSet" time="0.0" classname="nl.hugojanssen.sqlgraph.visitors.TableVisitorCreateTableTest"/>
  <testcase name="testInsert1" time="0.0" classname="nl.hugojanssen.sqlgraph.visitors.TableVisitorInsertTest"/>
  <testcase name="testInsert2" time="0.0" classname="nl.hugojanssen.sqlgraph.visitors.TableVisitorInsertTest"/>
  <testcase name="testInsert3" time="0.0" classname="nl.hugojanssen.sqlgraph.visitors.TableVisitorInsertTest"/>
  <testcase name="testInsert4" time="0.001" classname="nl.hugojanssen.sqlgraph.visitors.TableVisitorInsertTest"/>
  <testcase name="testInsert5" time="0.0" classname="nl.hugojanssen.sqlgraph.visitors.TableVisitorInsertTest"/>
  <testcase name="testResultSet" time="0.0" classname="nl.hugojanssen.sqlgraph.visitors.TableVisitorInsertTest"/>
  <testcase name="testJoinInWhere" time="0.0" classname="nl.hugojanssen.sqlgraph.visitors.TableVisitorJoinTest"/>
  <testcase name="testLeftJoin" time="0.0" classname="nl.hugojanssen.sqlgraph.visitors.TableVisitorJoinTest"/>
  <testcase name="testNestedSubquery" time="0.0" classname="nl.hugojanssen.sqlgraph.visitors.TableVisitorJoinTest"/>
  <testcase name="testResultSet" time="0.0" classname="nl.hugojanssen.sqlgraph.visitors.TableVisitorJoinTest"/>
  <testcase name="testSubquery" time="0.0" classname="nl.hugojanssen.sqlgraph.visitors.TableVisitorJoinTest"/>
  <testcase name="testUnionAll" time="0.0" classname="nl.hugojanssen.sqlgraph.visitors.TableVisitorJoinTest"/>
  <testcase name="testReferencedUpdate" time="0.0" classname="nl.hugojanssen.sqlgraph.visitors.TableVisitorUpdateTest"/>
  <testcase name="testReferencedUpdate2" time="0.001" classname="nl.hugojanssen.sqlgraph.visitors.TableVisitorUpdateTest"/>
  <testcase name="testReferencedWithWhere" time="0.0" classname="nl.hugojanssen.sqlgraph.visitors.TableVisitorUpdateTest"/>
  <testcase name="testResultSet" time="0.0" classname="nl.hugojanssen.sqlgraph.visitors.TableVisitorUpdateTest"/>
  <testcase name="testSimpleUpdate" time="0.0" classname="nl.hugojanssen.sqlgraph.visitors.TableVisitorUpdateTest"/>
  <testcase name="testNewNode" time="0.001" classname="nl.hugojanssen.sqlgraph.model.graph.ModelBuilderTest"/>
  <testcase name="testSetVisitors" time="0.0" classname="nl.hugojanssen.sqlgraph.model.sql.SQLStatementTest"/>
  <testcase name="testEquals" time="0.001" classname="nl.hugojanssen.sqlgraph.model.sql.SQLTableTest"/>
  <testcase name="testHashCode" time="0.0" classname="nl.hugojanssen.sqlgraph.model.sql.SQLTableTest"/>
  <testcase name="testToString" time="0.0" classname="nl.hugojanssen.sqlgraph.model.sql.SQLTableTest"/>
  <testcase name="testValidateState" time="0.001" classname="nl.hugojanssen.sqlgraph.model.sql.SQLTableTest"/>
  <testcase name="testAddWorkflowFile" time="0.002" classname="nl.hugojanssen.sqlgraph.model.sql.SQLWorkflowTest"/>
  <testcase name="testAddWorkflowFileNull" time="0.0" classname="nl.hugojanssen.sqlgraph.model.sql.SQLWorkflowTest"/>
  <testcase name="testAddNode" time="0.006" classname="nl.hugojanssen.sqlgraph.model.graph.ModelBuilderTest"/>
  <testcase name="testNodes" time="0.002" classname="nl.hugojanssen.sqlgraph.model.graph.ModelBuilderTest"/>
  <testcase name="testVisit" time="0.0" classname="nl.hugojanssen.sqlgraph.model.sql.SQLStatementTest"/>
  <testcase name="testAddVisitor" time="0.002" classname="nl.hugojanssen.sqlgraph.model.sql.SQLWorkflowTest"/>
  <testcase name="testEqualsNode" time="0.001" classname="nl.hugojanssen.sqlgraph.model.graph.ModelBuilderTest"/>
  <testcase name="testExistsNode" time="0.0" classname="nl.hugojanssen.sqlgraph.model.graph.ModelBuilderTest"/>
  <testcase name="testGetNodeByName" time="0.0" classname="nl.hugojanssen.sqlgraph.model.graph.ModelBuilderTest"/>
  <testcase name="testGetNodeIdForName" time="0.0" classname="nl.hugojanssen.sqlgraph.model.graph.ModelBuilderTest"/>
  <testcase name="testGetNodeName" time="0.0" classname="nl.hugojanssen.sqlgraph.model.graph.ModelBuilderTest"/>
  <testcase name="testNewEdge" time="0.006" classname="nl.hugojanssen.sqlgraph.model.graph.ModelBuilderTest"/>
  <testcase name="testParse" time="0.065" classname="nl.hugojanssen.sqlgraph.model.sql.SQLWorkflowTest"/>
  <testcase name="testAddEdge" time="0.005" classname="nl.hugojanssen.sqlgraph.model.graph.ModelBuilderTest"/>
  <testcase name="testEqualsEdge" time="0.0" classname="nl.hugojanssen.sqlgraph.model.graph.ModelBuilderTest"/>
  <testcase name="testExistsEdge" time="0.001" classname="nl.hugojanssen.sqlgraph.model.graph.ModelBuilderTest"/>
  <testcase name="testGetEdgeName" time="0.0" classname="nl.hugojanssen.sqlgraph.model.graph.ModelBuilderTest"/>
</testsuite> <!-- Command line test -->
