<?xml version="1.0" encoding="UTF-8" ?>
<testsuite failures="0" time="1.702" errors="0" skipped="0" tests="57" name="TestSuite">
  <properties>
[...]
</properties>
  <testcase time="0.001" classname="nl.hugojanssen.sqlgraph.model.sql.EClauseTypeTest" name="testValues"/>
  <testcase time="0" classname="nl.hugojanssen.sqlgraph.model.graph.ModelBuilderTest" name="testConstructor"/>
  <testcase time="0" classname="nl.hugojanssen.sqlgraph.SQLParserUtilTest" name="testDirectoryAsSQLFile"/>
  <testcase time="0" classname="nl.hugojanssen.sqlgraph.SQLParserUtilTest" name="testFileDoesNotExists"/>
  <testcase time="0.005" classname="nl.hugojanssen.sqlgraph.SQLParserUtilTest" name="testFileWithNullExtension"/>
  <testcase time="0.001" classname="nl.hugojanssen.sqlgraph.SQLParserUtilTest" name="testFileWithoutExtension"/>
  <testcase time="0" classname="nl.hugojanssen.sqlgraph.SQLParserUtilTest" name="testInvalidSQLFile"/>
  <testcase time="0.001" classname="nl.hugojanssen.sqlgraph.SQLParserUtilTest" name="testNotAnSQLFile"/>
  <testcase time="0" classname="nl.hugojanssen.sqlgraph.SQLParserUtilTest" name="testNullFile"/>
  <testcase time="0" classname="nl.hugojanssen.sqlgraph.model.sql.SQLStatementTest" name="testConstructor"/>
  <testcase time="0" classname="nl.hugojanssen.sqlgraph.model.sql.SQLTableTest" name="testSQLTable"/>
  <testcase time="0" classname="nl.hugojanssen.sqlgraph.model.sql.SQLWorkflowTest" name="testConstructor"/>
  <testcase time="0" classname="nl.hugojanssen.sqlgraph.visitors.TableVisitorCreateTableAsTest" name="testCreateFilmsRecent"/>
  <testcase time="0" classname="nl.hugojanssen.sqlgraph.visitors.TableVisitorCreateTableAsTest" name="testResultSet"/>
  <testcase time="0" classname="nl.hugojanssen.sqlgraph.visitors.TableVisitorCreateTableTest" name="testCreateFilms"/>
  <testcase time="0" classname="nl.hugojanssen.sqlgraph.visitors.TableVisitorCreateTableTest" name="testCreateTableDistributors"/>
  <testcase time="0.001" classname="nl.hugojanssen.sqlgraph.visitors.TableVisitorCreateTableTest" name="testResultSet"/>
  <testcase time="0" classname="nl.hugojanssen.sqlgraph.visitors.TableVisitorInsertTest" name="testInsert1"/>
  <testcase time="0" classname="nl.hugojanssen.sqlgraph.visitors.TableVisitorInsertTest" name="testInsert2"/>
  <testcase time="0" classname="nl.hugojanssen.sqlgraph.visitors.TableVisitorInsertTest" name="testInsert3"/>
  <testcase time="0" classname="nl.hugojanssen.sqlgraph.visitors.TableVisitorInsertTest" name="testInsert4"/>
  <testcase time="0" classname="nl.hugojanssen.sqlgraph.visitors.TableVisitorInsertTest" name="testInsert5"/>
  <testcase time="0" classname="nl.hugojanssen.sqlgraph.visitors.TableVisitorInsertTest" name="testResultSet"/>
  <testcase time="0.001" classname="nl.hugojanssen.sqlgraph.visitors.TableVisitorJoinTest" name="testJoinInWhere"/>
  <testcase time="0" classname="nl.hugojanssen.sqlgraph.visitors.TableVisitorJoinTest" name="testLeftJoin"/>
  <testcase time="0" classname="nl.hugojanssen.sqlgraph.visitors.TableVisitorJoinTest" name="testNestedSubquery"/>
  <testcase time="0" classname="nl.hugojanssen.sqlgraph.visitors.TableVisitorJoinTest" name="testResultSet"/>
  <testcase time="0" classname="nl.hugojanssen.sqlgraph.visitors.TableVisitorJoinTest" name="testSubquery"/>
  <testcase time="0" classname="nl.hugojanssen.sqlgraph.visitors.TableVisitorJoinTest" name="testUnionAll"/>
  <testcase time="0" classname="nl.hugojanssen.sqlgraph.visitors.TableVisitorUpdateTest" name="testReferencedUpdate"/>
  <testcase time="0" classname="nl.hugojanssen.sqlgraph.visitors.TableVisitorUpdateTest" name="testReferencedUpdate2"/>
  <testcase time="0" classname="nl.hugojanssen.sqlgraph.visitors.TableVisitorUpdateTest" name="testReferencedWithWhere"/>
  <testcase time="0" classname="nl.hugojanssen.sqlgraph.visitors.TableVisitorUpdateTest" name="testResultSet"/>
  <testcase time="0" classname="nl.hugojanssen.sqlgraph.visitors.TableVisitorUpdateTest" name="testSimpleUpdate"/>
  <testcase time="0.001" classname="nl.hugojanssen.sqlgraph.model.graph.ModelBuilderTest" name="testNewNode"/>
  <testcase time="0" classname="nl.hugojanssen.sqlgraph.model.sql.SQLStatementTest" name="testSetVisitors"/>
  <testcase time="0.001" classname="nl.hugojanssen.sqlgraph.model.sql.SQLTableTest" name="testEquals"/>
  <testcase time="0" classname="nl.hugojanssen.sqlgraph.model.sql.SQLTableTest" name="testHashCode"/>
  <testcase time="0" classname="nl.hugojanssen.sqlgraph.model.sql.SQLTableTest" name="testToString"/>
  <testcase time="0.001" classname="nl.hugojanssen.sqlgraph.model.sql.SQLTableTest" name="testValidateState"/>
  <testcase time="0.002" classname="nl.hugojanssen.sqlgraph.model.sql.SQLWorkflowTest" name="testAddWorkflowFile"/>
  <testcase time="0.004" classname="nl.hugojanssen.sqlgraph.model.sql.SQLWorkflowTest" name="testAddWorkflowFileNull"/>
  <testcase time="0.017" classname="nl.hugojanssen.sqlgraph.model.graph.ModelBuilderTest" name="testAddNode"/>
  <testcase time="0" classname="nl.hugojanssen.sqlgraph.model.graph.ModelBuilderTest" name="testNodes"/>
  <testcase time="0.001" classname="nl.hugojanssen.sqlgraph.model.sql.SQLStatementTest" name="testVisit"/>
  <testcase time="0" classname="nl.hugojanssen.sqlgraph.model.sql.SQLWorkflowTest" name="testAddVisitor"/>
  <testcase time="0" classname="nl.hugojanssen.sqlgraph.model.graph.ModelBuilderTest" name="testEqualsNode"/>
  <testcase time="0" classname="nl.hugojanssen.sqlgraph.model.graph.ModelBuilderTest" name="testExistsNode"/>
  <testcase time="0" classname="nl.hugojanssen.sqlgraph.model.graph.ModelBuilderTest" name="testGetNodeByName"/>
  <testcase time="0" classname="nl.hugojanssen.sqlgraph.model.graph.ModelBuilderTest" name="testGetNodeIdForName"/>
  <testcase time="0" classname="nl.hugojanssen.sqlgraph.model.graph.ModelBuilderTest" name="testGetNodeName"/>
  <testcase time="0.005" classname="nl.hugojanssen.sqlgraph.model.graph.ModelBuilderTest" name="testNewEdge"/>
  <testcase time="0.064" classname="nl.hugojanssen.sqlgraph.model.sql.SQLWorkflowTest" name="testParse"/>
  <testcase time="0.004" classname="nl.hugojanssen.sqlgraph.model.graph.ModelBuilderTest" name="testAddEdge"/>
  <testcase time="0" classname="nl.hugojanssen.sqlgraph.model.graph.ModelBuilderTest" name="testEqualsEdge"/>
  <testcase time="0.001" classname="nl.hugojanssen.sqlgraph.model.graph.ModelBuilderTest" name="testExistsEdge"/>
  <testcase time="0" classname="nl.hugojanssen.sqlgraph.model.graph.ModelBuilderTest" name="testGetEdgeName"/>
</testsuite>